[0.755s] Invoking command in '/home/dyksiu/ros2_ws/src/robot_controller': PYTHONPATH=/home/dyksiu/ros2_ws/build/robot_controller/prefix_override:/usr/lib/python3/dist-packages/colcon_core/task/python/colcon_distutils_commands:/home/dyksiu/ros2_ws/install/robot_controller/lib/python3.10/site-packages:${PYTHONPATH} /usr/bin/python3 -W ignore:setup.py install is deprecated -W ignore:easy_install command is deprecated setup.py egg_info --egg-base ../../build/robot_controller build --build-base /home/dyksiu/ros2_ws/build/robot_controller/build install --record /home/dyksiu/ros2_ws/build/robot_controller/install.log --single-version-externally-managed install_data
[1.040s] running egg_info
[1.043s] writing ../../build/robot_controller/robot_controller.egg-info/PKG-INFO
[1.044s] writing dependency_links to ../../build/robot_controller/robot_controller.egg-info/dependency_links.txt
[1.045s] writing entry points to ../../build/robot_controller/robot_controller.egg-info/entry_points.txt
[1.046s] writing requirements to ../../build/robot_controller/robot_controller.egg-info/requires.txt
[1.046s] writing top-level names to ../../build/robot_controller/robot_controller.egg-info/top_level.txt
[1.048s] reading manifest file '../../build/robot_controller/robot_controller.egg-info/SOURCES.txt'
[1.049s] writing manifest file '../../build/robot_controller/robot_controller.egg-info/SOURCES.txt'
[1.050s] running build
[1.050s] running build_py
[1.051s] copying robot_controller/robot_controller.py -> /home/dyksiu/ros2_ws/build/robot_controller/build/lib/robot_controller
[1.051s] running install
[1.051s] running install_lib
[1.052s] copying /home/dyksiu/ros2_ws/build/robot_controller/build/lib/robot_controller/robot_controller.py -> /home/dyksiu/ros2_ws/install/robot_controller/lib/python3.10/site-packages/robot_controller
[1.053s] byte-compiling /home/dyksiu/ros2_ws/install/robot_controller/lib/python3.10/site-packages/robot_controller/robot_controller.py to robot_controller.cpython-310.pyc
[1.054s] running install_data
[1.055s] running install_egg_info
[1.057s] removing '/home/dyksiu/ros2_ws/install/robot_controller/lib/python3.10/site-packages/robot_controller-0.0.0-py3.10.egg-info' (and everything under it)
[1.057s] Copying ../../build/robot_controller/robot_controller.egg-info to /home/dyksiu/ros2_ws/install/robot_controller/lib/python3.10/site-packages/robot_controller-0.0.0-py3.10.egg-info
[1.058s] running install_scripts
[1.088s] Installing robot_controller script to /home/dyksiu/ros2_ws/install/robot_controller/lib/robot_controller
[1.088s] writing list of installed files to '/home/dyksiu/ros2_ws/build/robot_controller/install.log'
[1.113s] Invoked command in '/home/dyksiu/ros2_ws/src/robot_controller' returned '0': PYTHONPATH=/home/dyksiu/ros2_ws/build/robot_controller/prefix_override:/usr/lib/python3/dist-packages/colcon_core/task/python/colcon_distutils_commands:/home/dyksiu/ros2_ws/install/robot_controller/lib/python3.10/site-packages:${PYTHONPATH} /usr/bin/python3 -W ignore:setup.py install is deprecated -W ignore:easy_install command is deprecated setup.py egg_info --egg-base ../../build/robot_controller build --build-base /home/dyksiu/ros2_ws/build/robot_controller/build install --record /home/dyksiu/ros2_ws/build/robot_controller/install.log --single-version-externally-managed install_data
