[0.731s] Invoking command in '/home/dyksiu/ros2_ws/src/robot_controller': PYTHONPATH=/home/dyksiu/ros2_ws/build/robot_controller/prefix_override:/usr/lib/python3/dist-packages/colcon_core/task/python/colcon_distutils_commands:/home/dyksiu/ros2_ws/install/robot_controller/lib/python3.10/site-packages:${PYTHONPATH} /usr/bin/python3 -W ignore:setup.py install is deprecated -W ignore:easy_install command is deprecated setup.py egg_info --egg-base ../../build/robot_controller build --build-base /home/dyksiu/ros2_ws/build/robot_controller/build install --record /home/dyksiu/ros2_ws/build/robot_controller/install.log --single-version-externally-managed install_data
[1.008s] running egg_info
[1.009s] creating ../../build/robot_controller/robot_controller.egg-info
[1.009s] writing ../../build/robot_controller/robot_controller.egg-info/PKG-INFO
[1.011s] writing dependency_links to ../../build/robot_controller/robot_controller.egg-info/dependency_links.txt
[1.011s] writing entry points to ../../build/robot_controller/robot_controller.egg-info/entry_points.txt
[1.012s] writing requirements to ../../build/robot_controller/robot_controller.egg-info/requires.txt
[1.012s] writing top-level names to ../../build/robot_controller/robot_controller.egg-info/top_level.txt
[1.012s] writing manifest file '../../build/robot_controller/robot_controller.egg-info/SOURCES.txt'
[1.014s] reading manifest file '../../build/robot_controller/robot_controller.egg-info/SOURCES.txt'
[1.014s] writing manifest file '../../build/robot_controller/robot_controller.egg-info/SOURCES.txt'
[1.016s] running build
[1.016s] running build_py
[1.016s] creating /home/dyksiu/ros2_ws/build/robot_controller/build
[1.016s] creating /home/dyksiu/ros2_ws/build/robot_controller/build/lib
[1.017s] creating /home/dyksiu/ros2_ws/build/robot_controller/build/lib/robot_controller
[1.017s] copying robot_controller/__init__.py -> /home/dyksiu/ros2_ws/build/robot_controller/build/lib/robot_controller
[1.017s] copying robot_controller/robot_controller.py -> /home/dyksiu/ros2_ws/build/robot_controller/build/lib/robot_controller
[1.018s] running install
[1.018s] running install_lib
[1.019s] creating /home/dyksiu/ros2_ws/install/robot_controller/lib/python3.10/site-packages/robot_controller
[1.019s] copying /home/dyksiu/ros2_ws/build/robot_controller/build/lib/robot_controller/__init__.py -> /home/dyksiu/ros2_ws/install/robot_controller/lib/python3.10/site-packages/robot_controller
[1.019s] copying /home/dyksiu/ros2_ws/build/robot_controller/build/lib/robot_controller/robot_controller.py -> /home/dyksiu/ros2_ws/install/robot_controller/lib/python3.10/site-packages/robot_controller
[1.020s] byte-compiling /home/dyksiu/ros2_ws/install/robot_controller/lib/python3.10/site-packages/robot_controller/__init__.py to __init__.cpython-310.pyc
[1.021s] byte-compiling /home/dyksiu/ros2_ws/install/robot_controller/lib/python3.10/site-packages/robot_controller/robot_controller.py to robot_controller.cpython-310.pyc
[1.021s] running install_data
[1.022s] creating /home/dyksiu/ros2_ws/install/robot_controller/share/ament_index
[1.022s] creating /home/dyksiu/ros2_ws/install/robot_controller/share/ament_index/resource_index
[1.022s] creating /home/dyksiu/ros2_ws/install/robot_controller/share/ament_index/resource_index/packages
[1.022s] copying resource/robot_controller -> /home/dyksiu/ros2_ws/install/robot_controller/share/ament_index/resource_index/packages
[1.022s] copying package.xml -> /home/dyksiu/ros2_ws/install/robot_controller/share/robot_controller
[1.024s] running install_egg_info
[1.024s] Copying ../../build/robot_controller/robot_controller.egg-info to /home/dyksiu/ros2_ws/install/robot_controller/lib/python3.10/site-packages/robot_controller-0.0.0-py3.10.egg-info
[1.025s] running install_scripts
[1.048s] Installing robot_controller script to /home/dyksiu/ros2_ws/install/robot_controller/lib/robot_controller
[1.048s] writing list of installed files to '/home/dyksiu/ros2_ws/build/robot_controller/install.log'
[1.076s] Invoked command in '/home/dyksiu/ros2_ws/src/robot_controller' returned '0': PYTHONPATH=/home/dyksiu/ros2_ws/build/robot_controller/prefix_override:/usr/lib/python3/dist-packages/colcon_core/task/python/colcon_distutils_commands:/home/dyksiu/ros2_ws/install/robot_controller/lib/python3.10/site-packages:${PYTHONPATH} /usr/bin/python3 -W ignore:setup.py install is deprecated -W ignore:easy_install command is deprecated setup.py egg_info --egg-base ../../build/robot_controller build --build-base /home/dyksiu/ros2_ws/build/robot_controller/build install --record /home/dyksiu/ros2_ws/build/robot_controller/install.log --single-version-externally-managed install_data
